Using pre-set license
Desktop is 3840 x 1080 @ 60 Hz

 COMMAND LINE ARGUMENTS:
Unity
-adb2
-batchMode
-noUpm
-name
AssetImportWorker0
-projectPath
/home/dadash/İndirilenler/staj_projesi_starter
-logFile
Logs/AssetImportWorker0.log
-srvPort
38761
Successfully changed project path to: /home/dadash/İndirilenler/staj_projesi_starter
/home/dadash/İndirilenler/staj_projesi_starter
Using Asset Import Pipeline V2.
Refreshing native plugins compatible for Editor in 50,58 ms, found 1 plugins.
Preloading 0 native plugins for Editor in 0,00 ms.
Initialize engine version: 2020.3.12f1 (b3b2c6512326)
[Subsystems] Discovering subsystems at path /home/dadash/Unity/Hub/Editor/2020.3.12f1/Editor/Data/Resources/UnitySubsystems
[Subsystems] Discovering subsystems at path /home/dadash/İndirilenler/staj_projesi_starter/Assets
GLX Extensions: GLX_EXT_visual_info GLX_EXT_visual_rating GLX_EXT_import_context GLX_SGIX_fbconfig GLX_SGIX_pbuffer GLX_SGI_video_sync GLX_SGI_swap_control GLX_EXT_swap_control GLX_EXT_swap_control_tear GLX_EXT_texture_from_pixmap GLX_EXT_buffer_age GLX_ARB_create_context GLX_ARB_create_context_profile GLX_EXT_create_context_es_profile GLX_EXT_create_context_es2_profile GLX_ARB_create_context_no_error GLX_ARB_create_context_robustness GLX_NV_delay_before_swap GLX_EXT_stereo_tree GLX_ARB_context_flush_control GLX_NV_robustness_video_memory_purge GLX_NV_multigpu_context GLX_ARB_multisample GLX_NV_float_buffer GLX_ARB_fbconfig_float GLX_EXT_framebuffer_sRGB GLX_NV_copy_image GLX_ARB_get_proc_address 
Renderer: GeForce GTX 1650/PCIe/SSE2
Vendor:   NVIDIA Corporation
Version:  4.5.0 NVIDIA 460.80
GLES:     0
 GL_AMD_multi_draw_indirect GL_AMD_seamless_cubemap_per_texture GL_AMD_vertex_shader_viewport_index GL_AMD_vertex_shader_layer GL_ARB_arrays_of_arrays GL_ARB_base_instance GL_ARB_bindless_texture GL_ARB_blend_func_extended GL_ARB_buffer_storage GL_ARB_clear_buffer_object GL_ARB_clear_texture GL_ARB_clip_control GL_ARB_color_buffer_float GL_ARB_compressed_texture_pixel_storage GL_ARB_conservative_depth GL_ARB_compute_shader GL_ARB_compute_variable_group_size GL_ARB_conditional_render_inverted GL_ARB_copy_buffer GL_ARB_copy_image GL_ARB_cull_distance GL_ARB_debug_output GL_ARB_depth_buffer_float GL_ARB_depth_clamp GL_ARB_depth_texture GL_ARB_derivative_control GL_ARB_direct_state_access GL_ARB_draw_buffers GL_ARB_draw_buffers_blend GL_ARB_draw_indirect GL_ARB_draw_elements_base_vertex GL_ARB_draw_instanced GL_ARB_enhanced_layouts GL_ARB_ES2_compatibility GL_ARB_ES3_compatibility GL_ARB_ES3_1_compatibility GL_ARB_ES3_2_compatibility GL_ARB_explicit_attrib_location GL_ARB_explicit_uniform_location GL_ARB_fragmen
t_coord_conventions GL_ARB_fragment_layer_viewport GL_ARB_fragment_program GL_ARB_fragment_program_shadow GL_ARB_fragment_shader GL_ARB_fragment_shader_interlock GL_ARB_framebuffer_no_attachments GL_ARB_framebuffer_object GL_ARB_framebuffer_sRGB GL_ARB_geometry_shader4 GL_ARB_get_program_binary GL_ARB_get_texture_sub_image GL_ARB_gl_spirv GL_ARB_gpu_shader5 GL_ARB_gpu_shader_fp64 GL_ARB_gpu_shader_int64 GL_ARB_half_float_pixel GL_ARB_half_float_vertex GL_ARB_imaging GL_ARB_indirect_parameters GL_ARB_instanced_arrays GL_ARB_internalformat_query GL_ARB_internalformat_query2 GL_ARB_invalidate_subdata GL_ARB_map_buffer_alignment GL_ARB_map_buffer_range GL_ARB_multi_bind GL_ARB_multi_draw_indirect GL_ARB_multisample GL_ARB_multitexture GL_ARB_occlusion_query GL_ARB_occlusion_query2 GL_ARB_parallel_shader_compile GL_ARB_pipeline_statistics_query GL_ARB_pixel_buffer_object GL_ARB_point_parameters GL_ARB_point_sprite GL_ARB_polygon_offset_clamp GL_ARB_post_depth_coverage GL_ARB_program_interface_query GL_ARB_provoki
ng_vertex GL_ARB_query_buffer_object GL_ARB_robust_buffer_access_behavior GL_ARB_robustness GL_ARB_sample_locations GL_ARB_sample_shading GL_ARB_sampler_objects GL_ARB_seamless_cube_map GL_ARB_seamless_cubemap_per_texture GL_ARB_separate_shader_objects GL_ARB_shader_atomic_counter_ops GL_ARB_shader_atomic_counters GL_ARB_shader_ballot GL_ARB_shader_bit_encoding GL_ARB_shader_clock GL_ARB_shader_draw_parameters GL_ARB_shader_group_vote GL_ARB_shader_image_load_store GL_ARB_shader_image_size GL_ARB_shader_objects GL_ARB_shader_precision GL_ARB_shader_storage_buffer_object GL_ARB_shader_subroutine GL_ARB_shader_texture_image_samples GL_ARB_shader_texture_lod GL_ARB_shading_language_100 GL_ARB_shader_viewport_layer_array GL_ARB_shading_language_420pack GL_ARB_shading_language_include GL_ARB_shading_language_packing GL_ARB_shadow GL_ARB_sparse_buffer GL_ARB_sparse_texture GL_ARB_sparse_texture2 GL_ARB_sparse_texture_clamp GL_ARB_spirv_extensions GL_ARB_stencil_texturing GL_ARB_sync GL_ARB_tessellation_shader GL_A
RB_texture_barrier GL_ARB_texture_border_clamp GL_ARB_texture_buffer_object GL_ARB_texture_buffer_object_rgb32 GL_ARB_texture_buffer_range GL_ARB_texture_compression GL_ARB_texture_compression_bptc GL_ARB_texture_compression_rgtc GL_ARB_texture_cube_map GL_ARB_texture_cube_map_array GL_ARB_texture_env_add GL_ARB_texture_env_combine GL_ARB_texture_env_crossbar GL_ARB_texture_env_dot3 GL_ARB_texture_filter_anisotropic GL_ARB_texture_filter_minmax GL_ARB_texture_float GL_ARB_texture_gather GL_ARB_texture_mirror_clamp_to_edge GL_ARB_texture_mirrored_repeat GL_ARB_texture_multisample GL_ARB_texture_non_power_of_two GL_ARB_texture_query_levels GL_ARB_texture_query_lod GL_ARB_texture_rectangle GL_ARB_texture_rg GL_ARB_texture_rgb10_a2ui GL_ARB_texture_stencil8 GL_ARB_texture_storage GL_ARB_texture_storage_multisample GL_ARB_texture_swizzle GL_ARB_texture_view GL_ARB_timer_query GL_ARB_transform_feedback2 GL_ARB_transform_feedback3 GL_ARB_transform_feedback_instanced GL_ARB_transform_feedback_overflow_query GL_ARB_t
ranspose_matrix GL_ARB_uniform_buffer_object GL_ARB_vertex_array_bgra GL_ARB_vertex_array_object GL_ARB_vertex_attrib_64bit GL_ARB_vertex_attrib_binding GL_ARB_vertex_buffer_object GL_ARB_vertex_program GL_ARB_vertex_shader GL_ARB_vertex_type_10f_11f_11f_rev GL_ARB_vertex_type_2_10_10_10_rev GL_ARB_viewport_array GL_ARB_window_pos GL_ATI_draw_buffers GL_ATI_texture_float GL_ATI_texture_mirror_once GL_S3_s3tc GL_EXT_texture_env_add GL_EXT_abgr GL_EXT_bgra GL_EXT_bindable_uniform GL_EXT_blend_color GL_EXT_blend_equation_separate GL_EXT_blend_func_separate GL_EXT_blend_minmax GL_EXT_blend_subtract GL_EXT_compiled_vertex_array GL_EXT_Cg_shader GL_EXT_depth_bounds_test GL_EXT_direct_state_access GL_EXT_draw_buffers2 GL_EXT_draw_instanced GL_EXT_draw_range_elements GL_EXT_fog_coord GL_EXT_framebuffer_blit GL_EXT_framebuffer_multisample GL_EXTX_framebuffer_mixed_formats GL_EXT_framebuffer_multisample_blit_scaled GL_EXT_framebuffer_object GL_EXT_framebuffer_sRGB GL_EXT_geometry_shader4 GL_EXT_gpu_program_parameters 
GL_EXT_gpu_shader4 GL_EXT_multi_draw_arrays GL_EXT_multiview_texture_multisample GL_EXT_multiview_timer_query GL_EXT_packed_depth_stencil GL_EXT_packed_float GL_EXT_packed_pixels GL_EXT_pixel_buffer_object GL_EXT_point_parameters GL_EXT_polygon_offset_clamp GL_EXT_post_depth_coverage GL_EXT_provoking_vertex GL_EXT_raster_multisample GL_EXT_rescale_normal GL_EXT_secondary_color GL_EXT_separate_shader_objects GL_EXT_separate_specular_color GL_EXT_shader_image_load_formatted GL_EXT_shader_image_load_store GL_EXT_shader_integer_mix GL_EXT_shadow_funcs GL_EXT_sparse_texture2 GL_EXT_stencil_two_side GL_EXT_stencil_wrap GL_EXT_texture3D GL_EXT_texture_array GL_EXT_texture_buffer_object GL_EXT_texture_compression_dxt1 GL_EXT_texture_compression_latc GL_EXT_texture_compression_rgtc GL_EXT_texture_compression_s3tc GL_EXT_texture_cube_map GL_EXT_texture_edge_clamp GL_EXT_texture_env_combine GL_EXT_texture_env_dot3 GL_EXT_texture_filter_anisotropic GL_EXT_texture_filter_minmax GL_EXT_texture_integer GL_EXT_texture_lod G
L_EXT_texture_lod_bias GL_EXT_texture_mirror_clamp GL_EXT_texture_object GL_EXT_texture_shadow_lod GL_EXT_texture_shared_exponent GL_EXT_texture_sRGB GL_EXT_texture_sRGB_R8 GL_EXT_texture_sRGB_decode GL_EXT_texture_storage GL_EXT_texture_swizzle GL_EXT_timer_query GL_EXT_transform_feedback2 GL_EXT_vertex_array GL_EXT_vertex_array_bgra GL_EXT_vertex_attrib_64bit GL_EXT_window_rectangles GL_EXT_x11_sync_object GL_EXT_import_sync_object GL_NV_robustness_video_memory_purge GL_IBM_rasterpos_clip GL_IBM_texture_mirrored_repeat GL_KHR_context_flush_control GL_KHR_debug GL_EXT_memory_object GL_EXT_memory_object_fd GL_NV_memory_object_sparse GL_KHR_parallel_shader_compile GL_KHR_no_error GL_KHR_robust_buffer_access_behavior GL_KHR_robustness GL_EXT_semaphore GL_EXT_semaphore_fd GL_NV_timeline_semaphore GL_KHR_shader_subgroup GL_KTX_buffer_region GL_NV_alpha_to_coverage_dither_control GL_NV_bindless_multi_draw_indirect GL_NV_bindless_multi_draw_indirect_count GL_NV_bindless_texture GL_NV_blend_equation_advanced GL_NV_
blend_equation_advanced_coherent GL_NVX_blend_equation_advanced_multi_draw_buffers GL_NV_blend_minmax_factor GL_NV_blend_square GL_NV_clip_space_w_scaling GL_NV_command_list GL_NV_compute_program5 GL_NV_compute_shader_derivatives GL_NV_conditional_render GL_NV_conservative_raster GL_NV_conservative_raster_dilate GL_NV_conservative_raster_pre_snap GL_NV_conservative_raster_pre_snap_triangles GL_NV_conservative_raster_underestimation GL_NV_copy_depth_to_color GL_NV_copy_image GL_NV_depth_buffer_float GL_NV_depth_clamp GL_NV_draw_texture GL_NV_draw_vulkan_image GL_NV_ES1_1_compatibility GL_NV_ES3_1_compatibility GL_NV_explicit_multisample GL_NV_feature_query GL_NV_fence GL_NV_fill_rectangle GL_NV_float_buffer GL_NV_fog_distance GL_NV_fragment_coverage_to_color GL_NV_fragment_program GL_NV_fragment_program_option GL_NV_fragment_program2 GL_NV_fragment_shader_barycentric GL_NV_fragment_shader_interlock GL_NV_framebuffer_mixed_samples GL_NV_framebuffer_multisample_coverage GL_NV_geometry_shader4 GL_NV_geometry_sha
der_passthrough GL_NV_gpu_program4 GL_NV_internalformat_sample_query GL_NV_gpu_program4_1 GL_NV_gpu_program5 GL_NV_gpu_program5_mem_extended GL_NV_gpu_program_fp64 GL_NV_gpu_shader5 GL_NV_half_float GL_NV_light_max_exponent GL_NV_memory_attachment GL_NV_mesh_shader GL_NV_multisample_coverage GL_NV_multisample_filter_hint GL_NV_occlusion_query GL_NV_packed_depth_stencil GL_NV_parameter_buffer_object GL_NV_parameter_buffer_object2 GL_NV_path_rendering GL_NV_path_rendering_shared_edge GL_NV_pixel_data_range GL_NV_point_sprite GL_NV_primitive_restart GL_NV_query_resource GL_NV_query_resource_tag GL_NV_register_combiners GL_NV_register_combiners2 GL_NV_representative_fragment_test GL_NV_sample_locations GL_NV_sample_mask_override_coverage GL_NV_scissor_exclusive GL_NV_shader_atomic_counters GL_NV_shader_atomic_float GL_NV_shader_atomic_float64 GL_NV_shader_atomic_fp16_vector GL_NV_shader_atomic_int64 GL_NV_shader_buffer_load GL_NV_shader_storage_buffer_object GL_NV_shader_subgroup_partitioned GL_NV_shader_texture
_footprint GL_NV_shading_rate_image GL_NV_stereo_view_rendering GL_NV_texgen_reflection GL_NV_texture_barrier GL_NV_texture_compression_vtc GL_NV_texture_env_combine4 GL_NV_texture_multisample GL_NV_texture_rectangle GL_NV_texture_rectangle_compressed GL_NV_texture_shader GL_NV_texture_shader2 GL_NV_texture_shader3 GL_NV_transform_feedback GL_NV_transform_feedback2 GL_NV_uniform_buffer_unified_memory GL_NV_vdpau_interop GL_NV_vdpau_interop2 GL_NV_vertex_array_range GL_NV_vertex_array_range2 GL_NV_vertex_attrib_integer_64bit GL_NV_vertex_buffer_unified_memory GL_NV_vertex_program GL_NV_vertex_program1_1 GL_NV_vertex_program2 GL_NV_vertex_program2_option GL_NV_vertex_program3 GL_NV_viewport_array2 GL_NV_viewport_swizzle GL_NVX_conditional_render GL_NV_gpu_multicast GL_NVX_progress_fence GL_NVX_gpu_memory_info GL_NVX_nvenc_interop GL_NV_shader_thread_group GL_NV_shader_thread_shuffle GL_KHR_blend_equation_advanced GL_KHR_blend_equation_advanced_coherent GL_OVR_multiview GL_OVR_multiview2 GL_SGIS_generate_mipmap
 GL_SGIS_texture_lod GL_SGIX_depth_texture GL_SGIX_shadow GL_SUN_slice_accum
OPENGL LOG: Creating OpenGL 4.5 graphics device ; Context level  <OpenGL 4.5> ; Context handle -1980959384
Initialize mono
Mono path[0] = '/home/dadash/Unity/Hub/Editor/2020.3.12f1/Editor/Data/Managed'
Mono path[1] = '/home/dadash/Unity/Hub/Editor/2020.3.12f1/Editor/Data/MonoBleedingEdge/lib/mono/unityjit'
Mono config path = '/home/dadash/Unity/Hub/Editor/2020.3.12f1/Editor/Data/MonoBleedingEdge/etc'
Using monoOptions --debugger-agent=transport=dt_socket,embedding=1,server=y,suspend=n,address=127.0.0.1:56075
Begin MonoManager ReloadAssembly
Registering precompiled unity dll's ...
Register platform support module: /home/dadash/Unity/Hub/Editor/2020.3.12f1/Editor/Data/PlaybackEngines/LinuxStandaloneSupport/UnityEditor.LinuxStandalone.Extensions.dll
Registered in 0,001078 seconds.
Native extension for LinuxStandalone target not found
Refreshing native plugins compatible for Editor in 40,55 ms, found 1 plugins.
Preloading 0 native plugins for Editor in 0,00 ms.
Mono: successfully reloaded assembly
- Completed reload, in  1,336 seconds
Platform modules already initialized, skipping
Registering precompiled user dll's ...
Registered in 0,003135 seconds.
Begin MonoManager ReloadAssembly
Native extension for LinuxStandalone target not found
Refreshing native plugins compatible for Editor in 0,65 ms, found 1 plugins.
Preloading 0 native plugins for Editor in 0,00 ms.
Mono: successfully reloaded assembly
- Completed reload, in  0,925 seconds
Platform modules already initialized, skipping
========================================================================
Worker process is ready to serve import requests
Launched and connected shader compiler UnityShaderCompiler after 0.01 seconds
Refreshing native plugins compatible for Editor in 0,62 ms, found 1 plugins.
Preloading 0 native plugins for Editor in 0,00 ms.
Unloading 2313 Unused Serialized files (Serialized files now loaded: 0)
System memory in use before: 92,0 MB.
System memory in use after: 91,9 MB.

Unloading 63 unused Assets to reduce memory usage. Loaded Objects now: 2722.
Total: 8,402608 ms (FindLiveObjects: 0,253544 ms CreateObjectMapping: 0,117651 ms MarkObjects: 7,652428 ms  DeleteObjects: 0,377881 ms)

AssetImportParameters requested are different than current active one (requested -> active):
  custom:video-decoder-ogg-theora: a1e56fd34408186e4bbccfd4996cb3dc -> 
  custom:container-muxer-webm: aa71ff27fc2769a1b78a27578f13a17b -> 
  custom:container-demuxer-webm: 4f35f7cbe854078d1ac9338744f61a02 -> 
  custom:container-demuxer-ogg: 62fdf1f143b41e24485cea50d1cbac27 -> 
  custom:video-encoder-webm-vp8: eb34c28f22e8b96e1ab97ce403110664 -> 
  custom:video-decoder-webm-vp8: 9c59270c3fd7afecdb556c50c9e8de78 -> 
  custom:audio-decoder-ogg-vorbis: bf7c407c2cedff20999df2af8eb42d56 -> 
  custom:audio-encoder-webm-vorbis: bf7c407c2cedff20999df2af8eb42d56 -> 
========================================================================
Received Import Request.
  path: Assets/Scripts/AlarmZoneController.cs
  artifactKey: Guid(06309eea0c66ad624a17e4d3e824c923) Importer(815301076,1909f56bfc062723c751e8b465ee728b)
Start importing Assets/Scripts/AlarmZoneController.cs using Guid(06309eea0c66ad624a17e4d3e824c923) Importer(815301076,1909f56bfc062723c751e8b465ee728b)  -> (artifact id: 'de9a2dab1277afe2dc6c2857a3298376') in 0,003330 seconds 
  Import took 0,006243 seconds .

========================================================================
Received Prepare
Registering precompiled user dll's ...
Registered in 0,003334 seconds.
Begin MonoManager ReloadAssembly
Native extension for LinuxStandalone target not found
Refreshing native plugins compatible for Editor in 0,68 ms, found 1 plugins.
Preloading 0 native plugins for Editor in 0,00 ms.
Mono: successfully reloaded assembly
- Completed reload, in  1,020 seconds
Platform modules already initialized, skipping
Refreshing native plugins compatible for Editor in 0,90 ms, found 1 plugins.
Preloading 0 native plugins for Editor in 0,00 ms.
Unloading 2260 Unused Serialized files (Serialized files now loaded: 0)
System memory in use before: 88,0 MB.
System memory in use after: 88,0 MB.

Unloading 58 unused Assets to reduce memory usage. Loaded Objects now: 2725.
Total: 11,612511 ms (FindLiveObjects: 0,274563 ms CreateObjectMapping: 0,107591 ms MarkObjects: 10,994604 ms  DeleteObjects: 0,234051 ms)

AssetImportParameters requested are different than current active one (requested -> active):
  custom:video-decoder-ogg-theora: a1e56fd34408186e4bbccfd4996cb3dc -> 
  custom:container-muxer-webm: aa71ff27fc2769a1b78a27578f13a17b -> 
  custom:container-demuxer-webm: 4f35f7cbe854078d1ac9338744f61a02 -> 
  custom:container-demuxer-ogg: 62fdf1f143b41e24485cea50d1cbac27 -> 
  custom:video-encoder-webm-vp8: eb34c28f22e8b96e1ab97ce403110664 -> 
  custom:video-decoder-webm-vp8: 9c59270c3fd7afecdb556c50c9e8de78 -> 
  custom:audio-decoder-ogg-vorbis: bf7c407c2cedff20999df2af8eb42d56 -> 
  custom:audio-encoder-webm-vorbis: bf7c407c2cedff20999df2af8eb42d56 -> 
========================================================================
Received Prepare
Registering precompiled user dll's ...
Registered in 0,003224 seconds.
Begin MonoManager ReloadAssembly
Native extension for LinuxStandalone target not found
Refreshing native plugins compatible for Editor in 0,93 ms, found 1 plugins.
Preloading 0 native plugins for Editor in 0,00 ms.
Mono: successfully reloaded assembly
- Completed reload, in  1,245 seconds
Platform modules already initialized, skipping
Refreshing native plugins compatible for Editor in 0,92 ms, found 1 plugins.
Preloading 0 native plugins for Editor in 0,00 ms.
Unloading 2262 Unused Serialized files (Serialized files now loaded: 0)
System memory in use before: 88,1 MB.
System memory in use after: 88,1 MB.

Unloading 58 unused Assets to reduce memory usage. Loaded Objects now: 2730.
Total: 11,640109 ms (FindLiveObjects: 0,273661 ms CreateObjectMapping: 0,108726 ms MarkObjects: 11,006853 ms  DeleteObjects: 0,249526 ms)

AssetImportParameters requested are different than current active one (requested -> active):
  custom:video-decoder-ogg-theora: a1e56fd34408186e4bbccfd4996cb3dc -> 
  custom:container-muxer-webm: aa71ff27fc2769a1b78a27578f13a17b -> 
  custom:container-demuxer-webm: 4f35f7cbe854078d1ac9338744f61a02 -> 
  custom:container-demuxer-ogg: 62fdf1f143b41e24485cea50d1cbac27 -> 
  custom:video-encoder-webm-vp8: eb34c28f22e8b96e1ab97ce403110664 -> 
  custom:video-decoder-webm-vp8: 9c59270c3fd7afecdb556c50c9e8de78 -> 
  custom:audio-decoder-ogg-vorbis: bf7c407c2cedff20999df2af8eb42d56 -> 
  custom:audio-encoder-webm-vorbis: bf7c407c2cedff20999df2af8eb42d56 -> 
========================================================================
Received Import Request.
  Time since last request: 3597,648351 seconds.
  path: Assets/SciFiWarriorPBRHPPolyart/promotion.jpg
  artifactKey: Guid(e8a466c997566b84c895066dbd56e130) Importer(815301076,1909f56bfc062723c751e8b465ee728b)
Start importing Assets/SciFiWarriorPBRHPPolyart/promotion.jpg using Guid(e8a466c997566b84c895066dbd56e130) Importer(815301076,1909f56bfc062723c751e8b465ee728b)  -> (artifact id: '903a5c7fdda0899d6a0d3bf16999e798') in 0,034182 seconds 
  Import took 0,038857 seconds .

========================================================================
Received Import Request.
  Time since last request: 392,258352 seconds.
  path: Assets/SciFiWarriorPBRHPPolyart/Prefabs
  artifactKey: Guid(d6042bd1068196e4e985966cfa6f0891) Importer(815301076,1909f56bfc062723c751e8b465ee728b)
Start importing Assets/SciFiWarriorPBRHPPolyart/Prefabs using Guid(d6042bd1068196e4e985966cfa6f0891) Importer(815301076,1909f56bfc062723c751e8b465ee728b)  -> (artifact id: '01ca36354d90881cae7e5525516dfe30') in 0,000928 seconds 
  Import took 0,005502 seconds .

========================================================================
Received Import Request.
  Time since last request: 0,092659 seconds.
  path: Assets/SciFiWarriorPBRHPPolyart/Prefabs/HPCharacter.prefab
  artifactKey: Guid(c98043d57e0190845b790d7b92990bee) Importer(815301076,1909f56bfc062723c751e8b465ee728b)
Start importing Assets/SciFiWarriorPBRHPPolyart/Prefabs/HPCharacter.prefab using Guid(c98043d57e0190845b790d7b92990bee) Importer(815301076,1909f56bfc062723c751e8b465ee728b)  -> (artifact id: '7d78ef112a3c8d1cca00aed7e6481d54') in 0,400705 seconds 
  Import took 0,404731 seconds .

========================================================================
Received Import Request.
  Time since last request: 0,000216 seconds.
  path: Assets/SciFiWarriorPBRHPPolyart/Prefabs/PBRCharacter.prefab
  artifactKey: Guid(f432554f564e69242897607d34218939) Importer(815301076,1909f56bfc062723c751e8b465ee728b)
Start importing Assets/SciFiWarriorPBRHPPolyart/Prefabs/PBRCharacter.prefab using Guid(f432554f564e69242897607d34218939) Importer(815301076,1909f56bfc062723c751e8b465ee728b)  -> (artifact id: '0de63b086641a0e64d269198caa6fa7f') in 0,039263 seconds 
  Import took 0,043560 seconds .

========================================================================
Received Import Request.
  Time since last request: 0,000168 seconds.
  path: Assets/SciFiWarriorPBRHPPolyart/Prefabs/PolyartCharacter.prefab
  artifactKey: Guid(910177ec26b76c14996c2d53627a6def) Importer(815301076,1909f56bfc062723c751e8b465ee728b)
Start importing Assets/SciFiWarriorPBRHPPolyart/Prefabs/PolyartCharacter.prefab using Guid(910177ec26b76c14996c2d53627a6def) Importer(815301076,1909f56bfc062723c751e8b465ee728b)  -> (artifact id: 'f36dc66aac917927d468d14109ad2c7c') in 0,015657 seconds 
  Import took 0,019073 seconds .

========================================================================
Received Import Request.
  Time since last request: 0,000168 seconds.
  path: Assets/SciFiWarriorPBRHPPolyart/Prefabs/PBRCharacter.prefab
  artifactKey: Guid(f432554f564e69242897607d34218939) Importer(815301076,1909f56bfc062723c751e8b465ee728b)
Start importing Assets/SciFiWarriorPBRHPPolyart/Prefabs/PBRCharacter.prefab using Guid(f432554f564e69242897607d34218939) Importer(815301076,1909f56bfc062723c751e8b465ee728b)  -> (artifact id: '0de63b086641a0e64d269198caa6fa7f') in 0,038220 seconds 
  Import took 0,042265 seconds .

========================================================================
Received Import Request.
  Time since last request: 0,000122 seconds.
  path: Assets/SciFiWarriorPBRHPPolyart/Prefabs/PolyartCharacter.prefab
  artifactKey: Guid(910177ec26b76c14996c2d53627a6def) Importer(815301076,1909f56bfc062723c751e8b465ee728b)
Start importing Assets/SciFiWarriorPBRHPPolyart/Prefabs/PolyartCharacter.prefab using Guid(910177ec26b76c14996c2d53627a6def) Importer(815301076,1909f56bfc062723c751e8b465ee728b)  -> (artifact id: 'f36dc66aac917927d468d14109ad2c7c') in 0,010716 seconds 
  Import took 0,014389 seconds .

========================================================================
Received Import Request.
  Time since last request: 0,000182 seconds.
  path: Assets/SciFiWarriorPBRHPPolyart/Prefabs/HPCharacter.prefab
  artifactKey: Guid(c98043d57e0190845b790d7b92990bee) Importer(815301076,1909f56bfc062723c751e8b465ee728b)
Start importing Assets/SciFiWarriorPBRHPPolyart/Prefabs/HPCharacter.prefab using Guid(c98043d57e0190845b790d7b92990bee) Importer(815301076,1909f56bfc062723c751e8b465ee728b)  -> (artifact id: '7d78ef112a3c8d1cca00aed7e6481d54') in 0,026260 seconds 
  Import took 0,030091 seconds .

========================================================================
Received Import Request.
  Time since last request: 1192,285337 seconds.
  path: Assets/SciFiWarriorPBRHPPolyart/Mesh/PBR_HP_Mesh.fbx
  artifactKey: Guid(5ae220fa0f79ffe41b0102a618febf5a) Importer(815301076,1909f56bfc062723c751e8b465ee728b)
Start importing Assets/SciFiWarriorPBRHPPolyart/Mesh/PBR_HP_Mesh.fbx using Guid(5ae220fa0f79ffe41b0102a618febf5a) Importer(815301076,1909f56bfc062723c751e8b465ee728b)  -> (artifact id: '177dd6fbf13942c6e7cc3e7358b114ca') in 0,262542 seconds 
  Import took 0,268208 seconds .

========================================================================
Received Import Request.
  Time since last request: 0,000203 seconds.
  path: Assets/SciFiWarriorPBRHPPolyart/Mesh/Polyart_Mesh.fbx
  artifactKey: Guid(860793eb3324391468f1c120a75ec049) Importer(815301076,1909f56bfc062723c751e8b465ee728b)
Start importing Assets/SciFiWarriorPBRHPPolyart/Mesh/Polyart_Mesh.fbx using Guid(860793eb3324391468f1c120a75ec049) Importer(815301076,1909f56bfc062723c751e8b465ee728b)  -> (artifact id: '4bec9c2259436f012113667fd2a61002') in 0,066764 seconds 
  Import took 0,069613 seconds .

========================================================================
Received Import Request.
  Time since last request: 0,000228 seconds.
  path: Assets/SciFiWarriorPBRHPPolyart/Mesh/Stage.fbx
  artifactKey: Guid(e531111ac2ce99b44812814430f75185) Importer(815301076,1909f56bfc062723c751e8b465ee728b)
Start importing Assets/SciFiWarriorPBRHPPolyart/Mesh/Stage.fbx using Guid(e531111ac2ce99b44812814430f75185) Importer(815301076,1909f56bfc062723c751e8b465ee728b)  -> (artifact id: '2a0319bb5ddfa64136e1207277309704') in 0,008941 seconds 
  Import took 0,011624 seconds .

========================================================================
Received Import Request.
  Time since last request: 1,685486 seconds.
  path: Assets/SciFiWarriorPBRHPPolyart/Materials/HP.mat
  artifactKey: Guid(9d4df993be894774282a0b17d51a0723) Importer(815301076,1909f56bfc062723c751e8b465ee728b)
Start importing Assets/SciFiWarriorPBRHPPolyart/Materials/HP.mat using Guid(9d4df993be894774282a0b17d51a0723) Importer(815301076,1909f56bfc062723c751e8b465ee728b)  -> (artifact id: '2f5f46238dcd4a4fb427eb897df610e1') in 0,037013 seconds 
  Import took 0,043575 seconds .

========================================================================
Received Import Request.
  Time since last request: 0,000206 seconds.
  path: Assets/SciFiWarriorPBRHPPolyart/Materials/Polyart.mat
  artifactKey: Guid(78660c09ff101ea4cb77de408a9527da) Importer(815301076,1909f56bfc062723c751e8b465ee728b)
Start importing Assets/SciFiWarriorPBRHPPolyart/Materials/Polyart.mat using Guid(78660c09ff101ea4cb77de408a9527da) Importer(815301076,1909f56bfc062723c751e8b465ee728b)  -> (artifact id: 'ba9e1fa3dae67c283e759f76f1fef07c') in 0,007078 seconds 
  Import took 0,010329 seconds .

========================================================================
Received Import Request.
  Time since last request: 0,000208 seconds.
  path: Assets/SciFiWarriorPBRHPPolyart/Materials/Skybox_Mat.mat
  artifactKey: Guid(cb367fce222f8c644a223c3021709347) Importer(815301076,1909f56bfc062723c751e8b465ee728b)
Start importing Assets/SciFiWarriorPBRHPPolyart/Materials/Skybox_Mat.mat using Guid(cb367fce222f8c644a223c3021709347) Importer(815301076,1909f56bfc062723c751e8b465ee728b)  -> (artifact id: '83da5e5be521da82c1538e2f13c652c3') in 0,115391 seconds 
  Import took 0,118383 seconds .

========================================================================
Received Import Request.
  Time since last request: 0,000233 seconds.
  path: Assets/SciFiWarriorPBRHPPolyart/Materials/Stage.mat
  artifactKey: Guid(3e0aeba26bb4b6344ab4cd1419b6a1f5) Importer(815301076,1909f56bfc062723c751e8b465ee728b)
Start importing Assets/SciFiWarriorPBRHPPolyart/Materials/Stage.mat using Guid(3e0aeba26bb4b6344ab4cd1419b6a1f5) Importer(815301076,1909f56bfc062723c751e8b465ee728b)  -> (artifact id: '90a7de8f2635036c6e6f0d6f92741022') in 0,237797 seconds 
  Import took 0,240588 seconds .

========================================================================
Received Import Request.
  Time since last request: 0,000220 seconds.
  path: Assets/SciFiWarriorPBRHPPolyart/Materials/PBR.mat
  artifactKey: Guid(1666fb81395f51e4293b01cca8f58481) Importer(815301076,1909f56bfc062723c751e8b465ee728b)
Start importing Assets/SciFiWarriorPBRHPPolyart/Materials/PBR.mat using Guid(1666fb81395f51e4293b01cca8f58481) Importer(815301076,1909f56bfc062723c751e8b465ee728b)  -> (artifact id: 'e2e3bef7fa6f7f82b5fdba8a06e07985') in 0,033676 seconds 
  Import took 0,037172 seconds .

========================================================================
Received Import Request.
  Time since last request: 1,568282 seconds.
  path: Assets/SciFiWarriorPBRHPPolyart/Animations/AvatarMask.mask
  artifactKey: Guid(e0402be4321aa2646a7af179c44591a7) Importer(815301076,1909f56bfc062723c751e8b465ee728b)
Start importing Assets/SciFiWarriorPBRHPPolyart/Animations/AvatarMask.mask using Guid(e0402be4321aa2646a7af179c44591a7) Importer(815301076,1909f56bfc062723c751e8b465ee728b)  -> (artifact id: 'efc994d2114d6101df6edcd1c2677fba') in 0,001561 seconds 
  Import took 0,006516 seconds .

========================================================================
Received Import Request.
  Time since last request: 0,000508 seconds.
  path: Assets/SciFiWarriorPBRHPPolyart/Animations/Die.fbx
  artifactKey: Guid(d406f8f3cbe268f4e9d0234d45cca60c) Importer(815301076,1909f56bfc062723c751e8b465ee728b)
Start importing Assets/SciFiWarriorPBRHPPolyart/Animations/Die.fbx using Guid(d406f8f3cbe268f4e9d0234d45cca60c) Importer(815301076,1909f56bfc062723c751e8b465ee728b)  -> (artifact id: '7120328993ce12e1f736974af8b50df1') in 0,092319 seconds 
  Import took 0,096214 seconds .

========================================================================
Received Import Request.
  Time since last request: 0,000201 seconds.
  path: Assets/SciFiWarriorPBRHPPolyart/Animations/Dancing Running Man.fbx
  artifactKey: Guid(419aa7f56fb76b84190386a63b401589) Importer(815301076,1909f56bfc062723c751e8b465ee728b)
Start importing Assets/SciFiWarriorPBRHPPolyart/Animations/Dancing Running Man.fbx using Guid(419aa7f56fb76b84190386a63b401589) Importer(815301076,1909f56bfc062723c751e8b465ee728b)  -> (artifact id: '322ae88fc59d40b5475658bb5f26544c') in 0,089597 seconds 
  Import took 0,093877 seconds .

========================================================================
Received Import Request.
  Time since last request: 0,000240 seconds.
  path: Assets/SciFiWarriorPBRHPPolyart/Animations/Reload.fbx
  artifactKey: Guid(45b9c258f262e844e8f5316722fc04c6) Importer(815301076,1909f56bfc062723c751e8b465ee728b)
Start importing Assets/SciFiWarriorPBRHPPolyart/Animations/Reload.fbx using Guid(45b9c258f262e844e8f5316722fc04c6) Importer(815301076,1909f56bfc062723c751e8b465ee728b)  -> (artifact id: 'e7f3046e4742527717068f625780bb0f') in 0,101263 seconds 
  Import took 0,104700 seconds .

========================================================================
Received Import Request.
  Time since last request: 0,000174 seconds.
  path: Assets/SciFiWarriorPBRHPPolyart/Animations/Idle_gunMiddle_ar.fbx
  artifactKey: Guid(107649059ea401b4e9c5c20f21e99a55) Importer(815301076,1909f56bfc062723c751e8b465ee728b)
Start importing Assets/SciFiWarriorPBRHPPolyart/Animations/Idle_gunMiddle_ar.fbx using Guid(107649059ea401b4e9c5c20f21e99a55) Importer(815301076,1909f56bfc062723c751e8b465ee728b)  -> (artifact id: 'f7e76fa47285b5ad8b943699710017f5') in 0,119990 seconds 
  Import took 0,123229 seconds .

========================================================================
Received Import Request.
  Time since last request: 0,000128 seconds.
  path: Assets/SciFiWarriorPBRHPPolyart/Animations/Idle_Ducking_ar.fbx
  artifactKey: Guid(3ad7c5979f6586d4a9532a55492a0ebe) Importer(815301076,1909f56bfc062723c751e8b465ee728b)
Start importing Assets/SciFiWarriorPBRHPPolyart/Animations/Idle_Ducking_ar.fbx using Guid(3ad7c5979f6586d4a9532a55492a0ebe) Importer(815301076,1909f56bfc062723c751e8b465ee728b)  -> (artifact id: '4d2fcc3825cdf58e1a06df8fa4ddb737') in 0,100373 seconds 
  Import took 0,104687 seconds .

========================================================================
Received Import Request.
  Time since last request: 0,000219 seconds.
  path: Assets/SciFiWarriorPBRHPPolyart/Animations/Run_guard_AR.fbx
  artifactKey: Guid(043a0882d93547c4da0104443de76efb) Importer(815301076,1909f56bfc062723c751e8b465ee728b)
Start importing Assets/SciFiWarriorPBRHPPolyart/Animations/Run_guard_AR.fbx using Guid(043a0882d93547c4da0104443de76efb) Importer(815301076,1909f56bfc062723c751e8b465ee728b)  -> (artifact id: 'f53b4572568ddcf386b8cc91b496bd01') in 0,091262 seconds 
  Import took 0,095591 seconds .

========================================================================
Received Import Request.
  Time since last request: 0,000195 seconds.
  path: Assets/SciFiWarriorPBRHPPolyart/Animations/Shoot_AutoShot_AR.fbx
  artifactKey: Guid(76a61eccc11250c4da8bd7f1d87fa2fe) Importer(815301076,1909f56bfc062723c751e8b465ee728b)
Start importing Assets/SciFiWarriorPBRHPPolyart/Animations/Shoot_AutoShot_AR.fbx using Guid(76a61eccc11250c4da8bd7f1d87fa2fe) Importer(815301076,1909f56bfc062723c751e8b465ee728b)  -> (artifact id: '0ae4d636c040b7e56d2cf2df1137f7e7') in 0,087316 seconds 
  Import took 0,090619 seconds .

========================================================================
Received Import Request.
  Time since last request: 0,000231 seconds.
  path: Assets/SciFiWarriorPBRHPPolyart/Animations/Run_gunMiddle_AR.fbx
  artifactKey: Guid(d805ca1ced9a1054c9cb7e1dc431a6e3) Importer(815301076,1909f56bfc062723c751e8b465ee728b)
Start importing Assets/SciFiWarriorPBRHPPolyart/Animations/Run_gunMiddle_AR.fbx using Guid(d805ca1ced9a1054c9cb7e1dc431a6e3) Importer(815301076,1909f56bfc062723c751e8b465ee728b)  -> (artifact id: '7baecb635ec7ed95b936c20af3ef0317') in 0,091658 seconds 
  Import took 0,094798 seconds .

========================================================================
Received Import Request.
  Time since last request: 0,000219 seconds.
  path: Assets/SciFiWarriorPBRHPPolyart/Animations/Jump.fbx
  artifactKey: Guid(c09541f4236345c4fa4e4745793a59f3) Importer(815301076,1909f56bfc062723c751e8b465ee728b)
Start importing Assets/SciFiWarriorPBRHPPolyart/Animations/Jump.fbx using Guid(c09541f4236345c4fa4e4745793a59f3) Importer(815301076,1909f56bfc062723c751e8b465ee728b)  -> (artifact id: 'a08e19bec617089ff8811c4b73f17ff2') in 0,085874 seconds 
  Import took 0,089930 seconds .

========================================================================
Received Import Request.
  Time since last request: 0,000472 seconds.
  path: Assets/SciFiWarriorPBRHPPolyart/Animations/Shoot_BurstShot_AR.fbx
  artifactKey: Guid(9e6c2d8b423b3db4ca189e8497d60f1e) Importer(815301076,1909f56bfc062723c751e8b465ee728b)
Start importing Assets/SciFiWarriorPBRHPPolyart/Animations/Shoot_BurstShot_AR.fbx using Guid(9e6c2d8b423b3db4ca189e8497d60f1e) Importer(815301076,1909f56bfc062723c751e8b465ee728b)  -> (artifact id: 'fe130aded04fa2228ae120d646e46c7d') in 0,081590 seconds 
  Import took 0,086255 seconds .

========================================================================
Received Import Request.
  Time since last request: 0,000209 seconds.
  path: Assets/SciFiWarriorPBRHPPolyart/Animations/Idle_guard_ar.fbx
  artifactKey: Guid(21a805ef27ad7ef42904fff42be01ba6) Importer(815301076,1909f56bfc062723c751e8b465ee728b)
Start importing Assets/SciFiWarriorPBRHPPolyart/Animations/Idle_guard_ar.fbx using Guid(21a805ef27ad7ef42904fff42be01ba6) Importer(815301076,1909f56bfc062723c751e8b465ee728b)  -> (artifact id: 'e245520283dc6513ea3a4639d2e18f20') in 0,086236 seconds 
  Import took 0,089745 seconds .

========================================================================
Received Import Request.
  Time since last request: 0,000167 seconds.
  path: Assets/SciFiWarriorPBRHPPolyart/Animations/Idle_Shoot_ar.fbx
  artifactKey: Guid(1d4365e1541bb6949a273318862b72d3) Importer(815301076,1909f56bfc062723c751e8b465ee728b)
Start importing Assets/SciFiWarriorPBRHPPolyart/Animations/Idle_Shoot_ar.fbx using Guid(1d4365e1541bb6949a273318862b72d3) Importer(815301076,1909f56bfc062723c751e8b465ee728b)  -> (artifact id: 'd226cad8cf326dd14bbcad830b7fa54b') in 0,079027 seconds 
  Import took 0,082217 seconds .

========================================================================
Received Import Request.
  Time since last request: 4,814640 seconds.
  path: Assets/SciFiWarriorPBRHPPolyart/Textures/HP_Albedo.png
  artifactKey: Guid(20fc9881d38a91b438bec3ae3db922f0) Importer(815301076,1909f56bfc062723c751e8b465ee728b)
Start importing Assets/SciFiWarriorPBRHPPolyart/Textures/HP_Albedo.png using Guid(20fc9881d38a91b438bec3ae3db922f0) Importer(815301076,1909f56bfc062723c751e8b465ee728b)  -> (artifact id: '9107da06a01c9c9f0069a37774a82778') in 0,014519 seconds 
  Import took 0,021359 seconds .

========================================================================
Received Import Request.
  Time since last request: 0,000336 seconds.
  path: Assets/SciFiWarriorPBRHPPolyart/Textures/PBR_Free_EM.png
  artifactKey: Guid(cf17bce15458a584ba4c432acf10f1ec) Importer(815301076,1909f56bfc062723c751e8b465ee728b)
Start importing Assets/SciFiWarriorPBRHPPolyart/Textures/PBR_Free_EM.png using Guid(cf17bce15458a584ba4c432acf10f1ec) Importer(815301076,1909f56bfc062723c751e8b465ee728b)  -> (artifact id: 'f7aa011d37a6b315bcc0a470883f90eb') in 0,010553 seconds 
  Import took 0,015395 seconds .

========================================================================
Received Import Request.
  Time since last request: 0,000410 seconds.
  path: Assets/SciFiWarriorPBRHPPolyart/Textures/Polyart.png
  artifactKey: Guid(6f23319fc780cdc43a22d23a4136c778) Importer(815301076,1909f56bfc062723c751e8b465ee728b)
Start importing Assets/SciFiWarriorPBRHPPolyart/Textures/Polyart.png using Guid(6f23319fc780cdc43a22d23a4136c778) Importer(815301076,1909f56bfc062723c751e8b465ee728b)  -> (artifact id: 'ea885b9ba5daad2fc02cb930848f008c') in 0,005131 seconds 
  Import took 0,008948 seconds .

========================================================================
Received Import Request.
  Time since last request: 0,000240 seconds.
  path: Assets/SciFiWarriorPBRHPPolyart/Textures/PBR_Free_NM.png
  artifactKey: Guid(a5798ba7ff8d7984c9b50981d6dd8e6b) Importer(815301076,1909f56bfc062723c751e8b465ee728b)
Start importing Assets/SciFiWarriorPBRHPPolyart/Textures/PBR_Free_NM.png using Guid(a5798ba7ff8d7984c9b50981d6dd8e6b) Importer(815301076,1909f56bfc062723c751e8b465ee728b)  -> (artifact id: '8c934ee9bea5e4bb0192b4c85d7c9d08') in 0,020447 seconds 
  Import took 0,024911 seconds .

========================================================================
Received Import Request.
  Time since last request: 0,000132 seconds.
  path: Assets/SciFiWarriorPBRHPPolyart/Textures/PBR_Free_MS.png
  artifactKey: Guid(7e4a41389ffe24f458e5a1b4b6c554eb) Importer(815301076,1909f56bfc062723c751e8b465ee728b)
Start importing Assets/SciFiWarriorPBRHPPolyart/Textures/PBR_Free_MS.png using Guid(7e4a41389ffe24f458e5a1b4b6c554eb) Importer(815301076,1909f56bfc062723c751e8b465ee728b)  -> (artifact id: '0a002e4e6822c9fa47dea1c3540023bd') in 0,009255 seconds 
  Import took 0,012460 seconds .

========================================================================
Received Import Request.
  Time since last request: 0,000326 seconds.
  path: Assets/SciFiWarriorPBRHPPolyart/Textures/PBR_Albedo.png
  artifactKey: Guid(0ca93b28d8c504946904487d0c1d581e) Importer(815301076,1909f56bfc062723c751e8b465ee728b)
Start importing Assets/SciFiWarriorPBRHPPolyart/Textures/PBR_Albedo.png using Guid(0ca93b28d8c504946904487d0c1d581e) Importer(815301076,1909f56bfc062723c751e8b465ee728b)  -> (artifact id: 'a59a219ee003653c79b7b02273217c93') in 0,008577 seconds 
  Import took 0,011969 seconds .

========================================================================
Received Import Request.
  Time since last request: 0,000228 seconds.
  path: Assets/SciFiWarriorPBRHPPolyart/Textures/PBR_Free_AO.png
  artifactKey: Guid(e2d3ffb9e0c5b7a4d95d18b01f2c27e1) Importer(815301076,1909f56bfc062723c751e8b465ee728b)
Start importing Assets/SciFiWarriorPBRHPPolyart/Textures/PBR_Free_AO.png using Guid(e2d3ffb9e0c5b7a4d95d18b01f2c27e1) Importer(815301076,1909f56bfc062723c751e8b465ee728b)  -> (artifact id: 'aaefd2e95c32422e307575e4770b547a') in 0,007912 seconds 
  Import took 0,011200 seconds .

========================================================================
Received Import Request.
  Time since last request: 0,000228 seconds.
  path: Assets/SciFiWarriorPBRHPPolyart/Textures/PolyartEmission.png
  artifactKey: Guid(61dc11b64d962ee4386737600bf34b90) Importer(815301076,1909f56bfc062723c751e8b465ee728b)
Start importing Assets/SciFiWarriorPBRHPPolyart/Textures/PolyartEmission.png using Guid(61dc11b64d962ee4386737600bf34b90) Importer(815301076,1909f56bfc062723c751e8b465ee728b)  -> (artifact id: '36f053330a4f73eaa9c0ccea5cff59e2') in 0,003134 seconds 
  Import took 0,006174 seconds .

========================================================================
Received Import Request.
  Time since last request: 0,020000 seconds.
  path: Assets/SciFiWarriorPBRHPPolyart/Textures/PolyartEmission.png
  artifactKey: Guid(61dc11b64d962ee4386737600bf34b90) Importer(815301076,1909f56bfc062723c751e8b465ee728b)
Start importing Assets/SciFiWarriorPBRHPPolyart/Textures/PolyartEmission.png using Guid(61dc11b64d962ee4386737600bf34b90) Importer(815301076,1909f56bfc062723c751e8b465ee728b)  -> (artifact id: '36f053330a4f73eaa9c0ccea5cff59e2') in 0,003058 seconds 
  Import took 0,006517 seconds .

========================================================================
Received Import Request.
  Time since last request: 54,009862 seconds.
  path: Assets/SciFiWarriorPBRHPPolyart/Mesh/Materials
  artifactKey: Guid(b406e7258c1750a579a51b0195e77af0) Importer(815301076,1909f56bfc062723c751e8b465ee728b)
Start importing Assets/SciFiWarriorPBRHPPolyart/Mesh/Materials using Guid(b406e7258c1750a579a51b0195e77af0) Importer(815301076,1909f56bfc062723c751e8b465ee728b)  -> (artifact id: 'fb4a5ff36abd216a465f9ebba3fdce7e') in 0,000681 seconds 
  Import took 0,004393 seconds .

========================================================================
Received Import Request.
  Time since last request: 0,085246 seconds.
  path: Assets/SciFiWarriorPBRHPPolyart/Mesh/Materials/knight_diffuse.mat
  artifactKey: Guid(edb3a7ea8e4908fddac0b754da7ea117) Importer(815301076,1909f56bfc062723c751e8b465ee728b)
Start importing Assets/SciFiWarriorPBRHPPolyart/Mesh/Materials/knight_diffuse.mat using Guid(edb3a7ea8e4908fddac0b754da7ea117) Importer(815301076,1909f56bfc062723c751e8b465ee728b)  -> (artifact id: 'b2a567ccc318e96331e94e88163e2997') in 0,004689 seconds 
  Import took 0,008116 seconds .

========================================================================
Received Prepare
Registering precompiled user dll's ...
Registered in 0,004728 seconds.
Begin MonoManager ReloadAssembly
Native extension for LinuxStandalone target not found
Refreshing native plugins compatible for Editor in 1,06 ms, found 1 plugins.
Preloading 0 native plugins for Editor in 0,00 ms.
Mono: successfully reloaded assembly
- Completed reload, in  1,487 seconds
Platform modules already initialized, skipping
Refreshing native plugins compatible for Editor in 0,98 ms, found 1 plugins.
Preloading 0 native plugins for Editor in 0,00 ms.
Unloading 2263 Unused Serialized files (Serialized files now loaded: 0)
System memory in use before: 90,8 MB.
System memory in use after: 90,7 MB.

Unloading 58 unused Assets to reduce memory usage. Loaded Objects now: 2781.
Total: 13,771003 ms (FindLiveObjects: 0,307826 ms CreateObjectMapping: 0,130622 ms MarkObjects: 13,099643 ms  DeleteObjects: 0,231150 ms)

AssetImportParameters requested are different than current active one (requested -> active):
  custom:video-decoder-ogg-theora: a1e56fd34408186e4bbccfd4996cb3dc -> 
  custom:container-muxer-webm: aa71ff27fc2769a1b78a27578f13a17b -> 
  custom:container-demuxer-webm: 4f35f7cbe854078d1ac9338744f61a02 -> 
  custom:container-demuxer-ogg: 62fdf1f143b41e24485cea50d1cbac27 -> 
  custom:video-encoder-webm-vp8: eb34c28f22e8b96e1ab97ce403110664 -> 
  custom:video-decoder-webm-vp8: 9c59270c3fd7afecdb556c50c9e8de78 -> 
  custom:audio-decoder-ogg-vorbis: bf7c407c2cedff20999df2af8eb42d56 -> 
  custom:audio-encoder-webm-vorbis: bf7c407c2cedff20999df2af8eb42d56 -> 
========================================================================
Received Import Request.
  Time since last request: 708,667818 seconds.
  path: Assets/Scripts/MoveByMouseClick.cs
  artifactKey: Guid(909cf9f46bac50b2fa78cf7549afcf25) Importer(815301076,1909f56bfc062723c751e8b465ee728b)
Start importing Assets/Scripts/MoveByMouseClick.cs using Guid(909cf9f46bac50b2fa78cf7549afcf25) Importer(815301076,1909f56bfc062723c751e8b465ee728b)  -> (artifact id: '7a9c40cbbd55cd89bd45bd36bebf978f') in 0,004204 seconds 
  Import took 0,008138 seconds .

========================================================================
Received Import Request.
  Time since last request: 308,983209 seconds.
  path: Assets/Scripts/MoveByMouseClick.cs
  artifactKey: Guid(909cf9f46bac50b2fa78cf7549afcf25) Importer(815301076,1909f56bfc062723c751e8b465ee728b)
Start importing Assets/Scripts/MoveByMouseClick.cs using Guid(909cf9f46bac50b2fa78cf7549afcf25) Importer(815301076,1909f56bfc062723c751e8b465ee728b)  -> (artifact id: '8a60fe96164840455a6aa3c7fb59f62c') in 0,000682 seconds 
  Import took 0,004526 seconds .

========================================================================
Received Import Request.
  Time since last request: 0,001364 seconds.
  path: Assets/Scripts/MoveByMouseClick.cs
  artifactKey: Guid(909cf9f46bac50b2fa78cf7549afcf25) Importer(815301076,1909f56bfc062723c751e8b465ee728b)
Start importing Assets/Scripts/MoveByMouseClick.cs using Guid(909cf9f46bac50b2fa78cf7549afcf25) Importer(815301076,1909f56bfc062723c751e8b465ee728b)  -> (artifact id: '8a60fe96164840455a6aa3c7fb59f62c') in 0,000679 seconds 
  Import took 0,003786 seconds .

========================================================================
Received Prepare
Registering precompiled user dll's ...
Registered in 0,004869 seconds.
Begin MonoManager ReloadAssembly
Native extension for LinuxStandalone target not found
Refreshing native plugins compatible for Editor in 0,96 ms, found 1 plugins.
Preloading 0 native plugins for Editor in 0,00 ms.
Mono: successfully reloaded assembly
- Completed reload, in  1,544 seconds
Platform modules already initialized, skipping
Refreshing native plugins compatible for Editor in 1,02 ms, found 1 plugins.
Preloading 0 native plugins for Editor in 0,00 ms.
Unloading 2263 Unused Serialized files (Serialized files now loaded: 0)
System memory in use before: 90,8 MB.
System memory in use after: 90,7 MB.

Unloading 58 unused Assets to reduce memory usage. Loaded Objects now: 2784.
Total: 12,406708 ms (FindLiveObjects: 0,451969 ms CreateObjectMapping: 0,165238 ms MarkObjects: 11,532441 ms  DeleteObjects: 0,255017 ms)

AssetImportParameters requested are different than current active one (requested -> active):
  custom:video-decoder-ogg-theora: a1e56fd34408186e4bbccfd4996cb3dc -> 
  custom:container-muxer-webm: aa71ff27fc2769a1b78a27578f13a17b -> 
  custom:container-demuxer-webm: 4f35f7cbe854078d1ac9338744f61a02 -> 
  custom:container-demuxer-ogg: 62fdf1f143b41e24485cea50d1cbac27 -> 
  custom:video-encoder-webm-vp8: eb34c28f22e8b96e1ab97ce403110664 -> 
  custom:video-decoder-webm-vp8: 9c59270c3fd7afecdb556c50c9e8de78 -> 
  custom:audio-decoder-ogg-vorbis: bf7c407c2cedff20999df2af8eb42d56 -> 
  custom:audio-encoder-webm-vorbis: bf7c407c2cedff20999df2af8eb42d56 -> 
========================================================================
Received Prepare
Registering precompiled user dll's ...
Registered in 0,005136 seconds.
Begin MonoManager ReloadAssembly
Native extension for LinuxStandalone target not found
Refreshing native plugins compatible for Editor in 1,02 ms, found 1 plugins.
Preloading 0 native plugins for Editor in 0,00 ms.
Mono: successfully reloaded assembly
- Completed reload, in  1,517 seconds
Platform modules already initialized, skipping
Refreshing native plugins compatible for Editor in 0,97 ms, found 1 plugins.
Preloading 0 native plugins for Editor in 0,00 ms.
Unloading 2263 Unused Serialized files (Serialized files now loaded: 0)
System memory in use before: 90,7 MB.
System memory in use after: 90,7 MB.

Unloading 58 unused Assets to reduce memory usage. Loaded Objects now: 2787.
Total: 13,554136 ms (FindLiveObjects: 0,370593 ms CreateObjectMapping: 0,161863 ms MarkObjects: 12,737478 ms  DeleteObjects: 0,282002 ms)

AssetImportParameters requested are different than current active one (requested -> active):
  custom:video-decoder-ogg-theora: a1e56fd34408186e4bbccfd4996cb3dc -> 
  custom:container-muxer-webm: aa71ff27fc2769a1b78a27578f13a17b -> 
  custom:container-demuxer-webm: 4f35f7cbe854078d1ac9338744f61a02 -> 
  custom:container-demuxer-ogg: 62fdf1f143b41e24485cea50d1cbac27 -> 
  custom:video-encoder-webm-vp8: eb34c28f22e8b96e1ab97ce403110664 -> 
  custom:video-decoder-webm-vp8: 9c59270c3fd7afecdb556c50c9e8de78 -> 
  custom:audio-decoder-ogg-vorbis: bf7c407c2cedff20999df2af8eb42d56 -> 
  custom:audio-encoder-webm-vorbis: bf7c407c2cedff20999df2af8eb42d56 -> 
AssetImportWorkerClient::OnTransportError - code=2 error=End of file
